<?xml version="1.0" encoding="UTF-8"?>
<testsuite xmlns:xsi="http://www.w3.org/2001/XMLSchema-instance" xsi:noNamespaceSchemaLocation="https://maven.apache.org/surefire/maven-surefire-plugin/xsd/surefire-test-report.xsd" name="ru.demo.camunda.db.access.CamundaDbApplicationTests" time="16.456" tests="1" errors="0" skipped="0" failures="0">
  <properties>
[...]
</properties>
  <testcase name="testSampleCase_happyPath" classname="ru.demo.camunda.db.access.CamundaDbApplicationTests" time="16.439"/>
</testsuite>